C51 COMPILER V9.01   MAIN                                                                  07/26/2023 22:28:02 PAGE 1   


C51 COMPILER V9.01, COMPILATION OF MODULE MAIN
OBJECT MODULE PLACED IN main.OBJ
COMPILER INVOKED BY: D:\Keil_C51\C51\BIN\C51.EXE main.c BROWSE DEBUG OBJECTEXTEND

line level    source

   1          /**
   2             * @brief      第一个发光管闪烁||流水灯程序
   3             * @param
   4             * @retval
   5          */
   6          #include <REGX52.H>
   7          #include<intrins.h>
   8          #define uchar unsigned char
   9          sbit D1 = P2^0;
  10          sbit D2 = P2^1;
  11          sbit D3 = P2^2;
  12          sbit D4 = P2^3;
  13          sbit D5 = P2^4;
  14          sbit D6 = P2^5;
  15          sbit D7 = P2^6;
  16          sbit D8 = P2^7;
  17          uchar i;
  18          
  19          void Delay(unsigned char z){
  20   1              uchar x,y;
  21   1              x = z;
  22   1              for(;x>0;x--){
  23   2                      for(y=110;y>0;y--);
  24   2              }
  25   1      }
  26          
  27          void main(){
  28   1              while(1){
  29   2                      //D1 = ~D1; //位操作
  30   2                      //Delay(200);
  31   2                      //总线操作
  32   2      //              P2 = 0xfe;
  33   2      //              Delay(200);
  34   2      //              P2 = 0xff;
  35   2      //              Delay(200);
  36   2                      //位操作下的流水灯
  37   2      //              D1 = 0;
  38   2      //              Delay(200);
  39   2      //              D1 = 1;
  40   2      //              Delay(200);
  41   2      //              D2 = 0;
  42   2      //              Delay(200);
  43   2      //              D2 = 1;
  44   2      //              Delay(200);
  45   2      //              D3 = 0;
  46   2      //              Delay(200);
  47   2      //              D3 = 1;
  48   2      //              Delay(200);
  49   2      //              D4 = 0;
  50   2      //              Delay(200);
  51   2      //              D4 = 1;
  52   2      //              Delay(200);
  53   2      //              D5 = 0;
  54   2      //              Delay(200);
  55   2      //              D5 = 1;
C51 COMPILER V9.01   MAIN                                                                  07/26/2023 22:28:02 PAGE 2   

  56   2      //              Delay(200);
  57   2      //              D6 = 0;
  58   2      //              Delay(200);
  59   2      //              D6 = 1;
  60   2      //              Delay(200);
  61   2      //              D7 = 0;
  62   2      //              Delay(200);
  63   2      //              D7 = 1;
  64   2      //              Delay(200);
  65   2      //              D8 = 0;
  66   2      //              Delay(200);
  67   2      //              D8 = 1;
  68   2      //              Delay(200);
  69   2      
  70   2                      //总线操作下的流水线程序
  71   2                      P2 = 0xfe;
  72   2                      Delay(200);
  73   2                      for(i=0;i<8;i++){
  74   3                              P2 = _crol_(P2,1);
  75   3                              Delay(200); 
  76   3                      }
  77   2      
  78   2      
  79   2                              
  80   2              }
  81   1      }


MODULE INFORMATION:   STATIC OVERLAYABLE
   CODE SIZE        =     54    ----
   CONSTANT SIZE    =   ----    ----
   XDATA SIZE       =   ----    ----
   PDATA SIZE       =   ----    ----
   DATA SIZE        =      1    ----
   IDATA SIZE       =   ----    ----
   BIT SIZE         =   ----    ----
END OF MODULE INFORMATION.


C51 COMPILATION COMPLETE.  0 WARNING(S),  0 ERROR(S)
